<!DOCTYPE suite SYSTEM "http://testng.org/testng-1.0.dtd" >
<suite name="Tss" parallel="false" thread-count="1">
    <test name="Chrome">
        <classes>
            <class name="saucedemo.runners.RunCucumberTest"/>
        </classes>
    </test>
</suite>